Traceback (most recent call last):
  File "<string>", line 1, in <module>
  File "/app/backend/initial_data.py", line 2, in <module>
    from backend import models, schemas, crud
  File "/app/backend/models.py", line 5, in <module>
    from backend.database import Base
  File "/app/backend/database.py", line 19, in <module>
    engine = create_async_engine(DATABASE_URL, echo=echo_sql)
             ^^^^^^^^^^^^^^^^^^^^^^^^^^^^^^^^^^^^^^^^^^^^^^^^
  File "/home/jules/.pyenv/versions/3.12.12/lib/python3.12/site-packages/sqlalchemy/ext/asyncio/engine.py", line 120, in create_async_engine
    sync_engine = _create_engine(url, **kw)
                  ^^^^^^^^^^^^^^^^^^^^^^^^^
  File "<string>", line 2, in create_engine
  File "/home/jules/.pyenv/versions/3.12.12/lib/python3.12/site-packages/sqlalchemy/util/deprecations.py", line 281, in warned
    return fn(*args, **kwargs)  # type: ignore[no-any-return]
           ^^^^^^^^^^^^^^^^^^^
  File "/home/jules/.pyenv/versions/3.12.12/lib/python3.12/site-packages/sqlalchemy/engine/create.py", line 617, in create_engine
    dbapi = dbapi_meth(**dbapi_args)
            ^^^^^^^^^^^^^^^^^^^^^^^^
  File "/home/jules/.pyenv/versions/3.12.12/lib/python3.12/site-packages/sqlalchemy/dialects/sqlite/aiosqlite.py", line 416, in import_dbapi
    __import__("aiosqlite"), __import__("sqlite3")
    ^^^^^^^^^^^^^^^^^^^^^^^
ModuleNotFoundError: No module named 'aiosqlite'
